[2023-09-21 10:17:49] INFO - Logging initialized for 'CNNTransformer' by 'jacobbarcelona' on host 'Jacobs-Air-3' with ID 'steady-ocelot'
[2023-09-21 10:17:49] INFO - Config: 
{
  "mode": "test",
  "results_tag": "",
  "debug": false,
  "model_name": "CNNTransformer",
  "model": {
    "lookback": 30,
    "dropout": 0.25,
    "filter_numbers": [
      1,
      8
    ],
    "filter_size": 2,
    "attention_heads": 4,
    "hidden_units_factor": 2,
    "normalization_conv": true,
    "use_transformer": true,
    "use_convolution": true
  },
  "preprocess_func": "preprocess_cumsum",
  "use_residual_weights": true,
  "cap_proportion": 0.01,
  "factor_models": {
    "IPCA": [
      5
    ],
    "PCA": [
      5
    ],
    "FamaFrench": [
      5
    ]
  },
  "perturbation": {},
  "num_epochs": 100,
  "optimizer_name": "Adam",
  "optimizer_opts": {
    "lr": 0.001
  },
  "batch_size": 125,
  "retrain_freq": 125,
  "rolling_retrain": true,
  "force_retrain": true,
  "length_training": 1000,
  "early_stopping": false,
  "objective": "sharpe",
  "market_frictions": false,
  "trans_cost": 0,
  "hold_cost": 0
}
[2023-09-21 10:17:49] ERROR - Uncaught exception
Traceback (most recent call last):
  File "/Users/jacobbarcelona/Desktop/Deep Learning Statistical Arbitrage/dlsa-public/run_train_test.py", line 127, in run
    ff5.to_csv(dates_filepath)
  File "/Users/jacobbarcelona/.pyenv/versions/3.9.16/lib/python3.9/site-packages/pandas/core/generic.py", line 3463, in to_csv
    return DataFrameRenderer(formatter).to_csv(
  File "/Users/jacobbarcelona/.pyenv/versions/3.9.16/lib/python3.9/site-packages/pandas/io/formats/format.py", line 1105, in to_csv
    csv_formatter.save()
  File "/Users/jacobbarcelona/.pyenv/versions/3.9.16/lib/python3.9/site-packages/pandas/io/formats/csvs.py", line 237, in save
    with get_handle(
  File "/Users/jacobbarcelona/.pyenv/versions/3.9.16/lib/python3.9/site-packages/pandas/io/common.py", line 701, in get_handle
    handle = open(
FileNotFoundError: [Errno 2] No such file or directory: 'data/F-F_Research_Data_5_Factors_2x3_daily.CSV'
